<?xml version="1.0" encoding="UTF-8"?>
<testng-results ignored="0" total="1" passed="1" failed="0" skipped="0">
  <reporter-output>
  </reporter-output>
  <suite started-at="2019-08-18T16:57:53Z" name="Default suite" finished-at="2019-08-18T16:57:54Z" duration-ms="813">
    <groups>
    </groups>
    <test started-at="2019-08-18T16:57:53Z" name="Default test" finished-at="2019-08-18T16:57:54Z" duration-ms="813">
      <class name="TestNG.ExtentReportDemo">
        <test-method signature="demo()[pri:0, instance:TestNG.ExtentReportDemo@501edcf1]" started-at="2019-08-18T16:57:53Z" name="demo" finished-at="2019-08-18T16:57:53Z" duration-ms="266" status="PASS">
          <reporter-output>
          </reporter-output>
        </test-method> <!-- demo -->
        <test-method is-config="true" signature="AfterTest(org.testng.ITestResult)[pri:0, instance:TestNG.ExtentReportDemo@501edcf1]" started-at="2019-08-18T16:57:53Z" name="AfterTest" finished-at="2019-08-18T16:57:54Z" duration-ms="532" status="PASS">
          <params>
            <param index="0">
              <value>
                <![CDATA[[TestResult name=demo status=SUCCESS method=ExtentReportDemo.demo()[pri:0, instance:TestNG.ExtentReportDemo@501edcf1] output={null}]]]>
              </value>
            </param>
          </params>
          <reporter-output>
          </reporter-output>
        </test-method> <!-- AfterTest -->
      </class> <!-- TestNG.ExtentReportDemo -->
    </test> <!-- Default test -->
  </suite> <!-- Default suite -->
</testng-results>
